https://www.veltechmultitech.org/
https://www.veltechmultitech.org/vision-and-mission/
https://www.veltechmultitech.org/about-college/
https://www.veltechmultitech.org/about-management/
https://www.veltechmultitech.org/origin-and-growth/
https://www.veltechmultitech.org/rules-and-regulations/
https://www.veltechmultitech.org/admission/
https://www.veltechmultitech.org/bio-medical-engineering/
https://www.veltechmultitech.org/civil-engineering/
https://www.veltechmultitech.org/computer-science-engineering/
https://www.veltechmultitech.org/information-technology/
https://www.veltechmultitech.org/electronics-communication-engineering/
https://www.veltechmultitech.org/electrical-and-electronics-engineering/
https://www.veltechmultitech.org/mechanical-engineering/
https://www.veltechmultitech.org/m-e-computer-science-and-engineering/
https://www.veltechmultitech.org/m-tech-information-technology/
https://www.veltechmultitech.org/embedded-system-technologies/
https://www.veltechmultitech.org/very-large-scale-integration-design/
https://www.veltechmultitech.org/committees/
https://www.veltechmultitech.org/science-and-humanities/
https://www.veltechmultitech.org/academic-details/
https://www.veltechmultitech.org/academic-schedule/#
https://www.veltechmultitech.org/press-room/
https://www.veltechmultitech.org/awards-recognition/
https://www.veltechmultitech.org/projects-grants/
https://www.veltechmultitech.org/patents/
https://www.veltechmultitech.org/outreach-and-recognition/
https://www.veltechmultitech.org/innovation/
https://www.veltechmultitech.org/proceedings/
https://www.veltechmultitech.org/mou/
https://www.veltechmultitech.org/events/
https://www.veltechmultitech.org/students-club/
https://www.veltechmultitech.org/sports/
https://www.veltechmultitech.org/professional-bodies/
https://www.veltechmultitech.org/entrepreneurship-development-unit/
https://www.veltechmultitech.org/higher-education-unit/
https://www.veltechmultitech.org/ncc/
https://www.veltechmultitech.org/nss/
https://www.veltechmultitech.org/youth-red-cross/
https://www.veltechmultitech.org/library/
https://www.veltechmultitech.org/examinations/
https://www.veltechmultitech.org/placement/
http://www.veltechmultitech.org/faculty/
https://www.veltechmultitech.org/careers/
https://www.veltechmultitech.org/contact-us/

